[ 2016-09-23T20:42:10+08:00 ] ::1 /project_4/index.php
INFO: [ app_init ] --START--
INFO: Run Behavior\BuildLiteBehavior [ RunTime:0.000048s ]
INFO: [ app_init ] --END-- [ RunTime:0.004151s ]
INFO: [ app_begin ] --START--
INFO: Run Behavior\ReadHtmlCacheBehavior [ RunTime:0.003314s ]
INFO: [ app_begin ] --END-- [ RunTime:0.003499s ]
INFO: [ view_parse ] --START--
INFO: [ template_filter ] --START--
INFO: Run Behavior\ContentReplaceBehavior [ RunTime:0.000079s ]
INFO: [ template_filter ] --END-- [ RunTime:0.000207s ]
INFO: Run Behavior\ParseTemplateBehavior [ RunTime:0.046029s ]
INFO: [ view_parse ] --END-- [ RunTime:0.046188s ]
INFO: [ view_filter ] --START--
INFO: Run Behavior\WriteHtmlCacheBehavior [ RunTime:0.005544s ]
INFO: [ view_filter ] --END-- [ RunTime:0.005790s ]
INFO: [ app_end ] --START--
INFO: Run Behavior\ShowPageTraceBehavior [ RunTime:0.006653s ]
INFO: [ app_end ] --END-- [ RunTime:0.006791s ]

[ 2016-09-23T20:46:35+08:00 ] ::1 /project_4/index.php/
INFO: [ app_init ] --START--
INFO: Run Behavior\BuildLiteBehavior [ RunTime:0.000050s ]
INFO: [ app_init ] --END-- [ RunTime:0.005573s ]
INFO: [ app_begin ] --START--
INFO: Run Behavior\ReadHtmlCacheBehavior [ RunTime:0.005182s ]
INFO: [ app_begin ] --END-- [ RunTime:0.005335s ]
INFO: [ view_parse ] --START--
INFO: Run Behavior\ParseTemplateBehavior [ RunTime:0.004675s ]
INFO: [ view_parse ] --END-- [ RunTime:0.004833s ]
INFO: [ view_filter ] --START--
INFO: Run Behavior\WriteHtmlCacheBehavior [ RunTime:0.005770s ]
INFO: [ view_filter ] --END-- [ RunTime:0.005911s ]
INFO: [ app_end ] --START--
INFO: Run Behavior\ShowPageTraceBehavior [ RunTime:0.006594s ]
INFO: [ app_end ] --END-- [ RunTime:0.006767s ]

[ 2016-09-23T20:46:54+08:00 ] ::1 /project_4/index.php/
INFO: [ app_init ] --START--
INFO: Run Behavior\BuildLiteBehavior [ RunTime:0.000038s ]
INFO: [ app_init ] --END-- [ RunTime:0.002751s ]
INFO: [ app_begin ] --START--
INFO: Run Behavior\ReadHtmlCacheBehavior [ RunTime:0.003345s ]
INFO: [ app_begin ] --END-- [ RunTime:0.003506s ]
INFO: [ view_parse ] --START--
INFO: Run Behavior\ParseTemplateBehavior [ RunTime:0.004894s ]
INFO: [ view_parse ] --END-- [ RunTime:0.005053s ]
INFO: [ view_filter ] --START--
INFO: Run Behavior\WriteHtmlCacheBehavior [ RunTime:0.005182s ]
INFO: [ view_filter ] --END-- [ RunTime:0.005308s ]
INFO: [ app_end ] --START--
INFO: Run Behavior\ShowPageTraceBehavior [ RunTime:0.005843s ]
INFO: [ app_end ] --END-- [ RunTime:0.005974s ]

[ 2016-09-23T20:46:55+08:00 ] ::1 /project_4/index.php/
INFO: [ app_init ] --START--
INFO: Run Behavior\BuildLiteBehavior [ RunTime:0.000036s ]
INFO: [ app_init ] --END-- [ RunTime:0.002236s ]
INFO: [ app_begin ] --START--
INFO: Run Behavior\ReadHtmlCacheBehavior [ RunTime:0.003264s ]
INFO: [ app_begin ] --END-- [ RunTime:0.003419s ]
INFO: [ view_parse ] --START--
INFO: Run Behavior\ParseTemplateBehavior [ RunTime:0.005519s ]
INFO: [ view_parse ] --END-- [ RunTime:0.005676s ]
INFO: [ view_filter ] --START--
INFO: Run Behavior\WriteHtmlCacheBehavior [ RunTime:0.004745s ]
INFO: [ view_filter ] --END-- [ RunTime:0.004856s ]
INFO: [ app_end ] --START--
INFO: Run Behavior\ShowPageTraceBehavior [ RunTime:0.006728s ]
INFO: [ app_end ] --END-- [ RunTime:0.006877s ]

[ 2016-09-23T20:46:59+08:00 ] ::1 /project_4/index.php/Home
INFO: [ app_init ] --START--
INFO: Run Behavior\BuildLiteBehavior [ RunTime:0.000032s ]
INFO: [ app_init ] --END-- [ RunTime:0.002085s ]
INFO: [ app_begin ] --START--
INFO: Run Behavior\ReadHtmlCacheBehavior [ RunTime:0.002880s ]
INFO: [ app_begin ] --END-- [ RunTime:0.003017s ]
ERR: 无法加载控制器:Home

[ 2016-09-23T20:47:02+08:00 ] ::1 /project_4/index.php/App
INFO: [ app_init ] --START--
INFO: Run Behavior\BuildLiteBehavior [ RunTime:0.000033s ]
INFO: [ app_init ] --END-- [ RunTime:0.002163s ]
INFO: [ app_begin ] --START--
INFO: Run Behavior\ReadHtmlCacheBehavior [ RunTime:0.003021s ]
INFO: [ app_begin ] --END-- [ RunTime:0.003188s ]
ERR: 无法加载控制器:App

[ 2016-09-23T20:47:19+08:00 ] ::1 /project_4/index.php/App/Index
INFO: [ app_init ] --START--
INFO: Run Behavior\BuildLiteBehavior [ RunTime:0.000039s ]
INFO: [ app_init ] --END-- [ RunTime:0.002324s ]
INFO: [ app_begin ] --START--
INFO: Run Behavior\ReadHtmlCacheBehavior [ RunTime:0.002963s ]
INFO: [ app_begin ] --END-- [ RunTime:0.003114s ]
ERR: 无法加载控制器:App

[ 2016-09-23T20:47:24+08:00 ] ::1 /project_4/index.php/App/Index/index
INFO: [ app_init ] --START--
INFO: Run Behavior\BuildLiteBehavior [ RunTime:0.000036s ]
INFO: [ app_init ] --END-- [ RunTime:0.002349s ]
INFO: [ app_begin ] --START--
INFO: Run Behavior\ReadHtmlCacheBehavior [ RunTime:0.002945s ]
INFO: [ app_begin ] --END-- [ RunTime:0.003088s ]
ERR: 无法加载控制器:App

[ 2016-09-23T20:47:41+08:00 ] ::1 /project_4/App
INFO: [ app_init ] --START--
INFO: Run Behavior\BuildLiteBehavior [ RunTime:0.000034s ]
INFO: [ app_init ] --END-- [ RunTime:0.002168s ]
INFO: [ app_begin ] --START--
INFO: Run Behavior\ReadHtmlCacheBehavior [ RunTime:0.003237s ]
INFO: [ app_begin ] --END-- [ RunTime:0.003398s ]
ERR: 无法加载控制器:App

[ 2016-09-23T20:47:44+08:00 ] ::1 /project_4/Home
INFO: [ app_init ] --START--
INFO: Run Behavior\BuildLiteBehavior [ RunTime:0.000034s ]
INFO: [ app_init ] --END-- [ RunTime:0.002164s ]
INFO: [ app_begin ] --START--
INFO: Run Behavior\ReadHtmlCacheBehavior [ RunTime:0.003049s ]
INFO: [ app_begin ] --END-- [ RunTime:0.003205s ]
ERR: 无法加载控制器:Home

[ 2016-09-23T20:47:52+08:00 ] ::1 /project_4/Weixin
INFO: [ app_init ] --START--
INFO: Run Behavior\BuildLiteBehavior [ RunTime:0.000035s ]
INFO: [ app_init ] --END-- [ RunTime:0.002167s ]
INFO: [ app_begin ] --START--
INFO: Run Behavior\ReadHtmlCacheBehavior [ RunTime:0.003441s ]
INFO: [ app_begin ] --END-- [ RunTime:0.003610s ]
ERR: 无法加载控制器:Weixin

[ 2016-09-23T20:48:32+08:00 ] ::1 /project_4/
INFO: [ app_init ] --START--
INFO: Run Behavior\BuildLiteBehavior [ RunTime:0.000035s ]
INFO: [ app_init ] --END-- [ RunTime:0.002102s ]
INFO: [ app_begin ] --START--
INFO: Run Behavior\ReadHtmlCacheBehavior [ RunTime:0.003423s ]
INFO: [ app_begin ] --END-- [ RunTime:0.003584s ]
INFO: [ view_parse ] --START--
INFO: Run Behavior\ParseTemplateBehavior [ RunTime:0.005370s ]
INFO: [ view_parse ] --END-- [ RunTime:0.005509s ]
INFO: [ view_filter ] --START--
INFO: Run Behavior\WriteHtmlCacheBehavior [ RunTime:0.004852s ]
INFO: [ view_filter ] --END-- [ RunTime:0.004980s ]
INFO: [ app_end ] --START--
INFO: Run Behavior\ShowPageTraceBehavior [ RunTime:0.005824s ]
INFO: [ app_end ] --END-- [ RunTime:0.005947s ]

[ 2016-09-23T20:48:34+08:00 ] ::1 /project_4/
INFO: [ app_init ] --START--
INFO: Run Behavior\BuildLiteBehavior [ RunTime:0.000039s ]
INFO: [ app_init ] --END-- [ RunTime:0.002735s ]
INFO: [ app_begin ] --START--
INFO: Run Behavior\ReadHtmlCacheBehavior [ RunTime:0.003021s ]
INFO: [ app_begin ] --END-- [ RunTime:0.003197s ]
INFO: [ view_parse ] --START--
INFO: Run Behavior\ParseTemplateBehavior [ RunTime:0.004621s ]
INFO: [ view_parse ] --END-- [ RunTime:0.004758s ]
INFO: [ view_filter ] --START--
INFO: Run Behavior\WriteHtmlCacheBehavior [ RunTime:0.005417s ]
INFO: [ view_filter ] --END-- [ RunTime:0.005778s ]
INFO: [ app_end ] --START--
INFO: Run Behavior\ShowPageTraceBehavior [ RunTime:0.006857s ]
INFO: [ app_end ] --END-- [ RunTime:0.007004s ]

[ 2016-09-23T20:48:44+08:00 ] ::1 /project_4/
INFO: [ app_init ] --START--
INFO: Run Behavior\BuildLiteBehavior [ RunTime:0.000036s ]
INFO: [ app_init ] --END-- [ RunTime:0.002215s ]
INFO: [ app_begin ] --START--
INFO: Run Behavior\ReadHtmlCacheBehavior [ RunTime:0.005022s ]
INFO: [ app_begin ] --END-- [ RunTime:0.005169s ]
INFO: [ view_parse ] --START--
INFO: Run Behavior\ParseTemplateBehavior [ RunTime:0.004580s ]
INFO: [ view_parse ] --END-- [ RunTime:0.004722s ]
INFO: [ view_filter ] --START--
INFO: Run Behavior\WriteHtmlCacheBehavior [ RunTime:0.006591s ]
INFO: [ view_filter ] --END-- [ RunTime:0.006720s ]
INFO: [ app_end ] --START--
INFO: Run Behavior\ShowPageTraceBehavior [ RunTime:0.005879s ]
INFO: [ app_end ] --END-- [ RunTime:0.006009s ]

[ 2016-09-23T20:48:51+08:00 ] ::1 /project_4/
INFO: [ app_init ] --START--
INFO: Run Behavior\BuildLiteBehavior [ RunTime:0.000040s ]
INFO: [ app_init ] --END-- [ RunTime:0.002487s ]
INFO: [ app_begin ] --START--
INFO: Run Behavior\ReadHtmlCacheBehavior [ RunTime:0.003294s ]
INFO: [ app_begin ] --END-- [ RunTime:0.003457s ]
INFO: [ view_parse ] --START--
INFO: Run Behavior\ParseTemplateBehavior [ RunTime:0.004831s ]
INFO: [ view_parse ] --END-- [ RunTime:0.004992s ]
INFO: [ view_filter ] --START--
INFO: Run Behavior\WriteHtmlCacheBehavior [ RunTime:0.005704s ]
INFO: [ view_filter ] --END-- [ RunTime:0.005835s ]
INFO: [ app_end ] --START--
INFO: Run Behavior\ShowPageTraceBehavior [ RunTime:0.006148s ]
INFO: [ app_end ] --END-- [ RunTime:0.006283s ]

[ 2016-09-23T20:48:52+08:00 ] ::1 /project_4/
INFO: [ app_init ] --START--
INFO: Run Behavior\BuildLiteBehavior [ RunTime:0.000036s ]
INFO: [ app_init ] --END-- [ RunTime:0.002168s ]
INFO: [ app_begin ] --START--
INFO: Run Behavior\ReadHtmlCacheBehavior [ RunTime:0.002929s ]
INFO: [ app_begin ] --END-- [ RunTime:0.003068s ]
INFO: [ view_parse ] --START--
INFO: Run Behavior\ParseTemplateBehavior [ RunTime:0.004920s ]
INFO: [ view_parse ] --END-- [ RunTime:0.005070s ]
INFO: [ view_filter ] --START--
INFO: Run Behavior\WriteHtmlCacheBehavior [ RunTime:0.004912s ]
INFO: [ view_filter ] --END-- [ RunTime:0.005041s ]
INFO: [ app_end ] --START--
INFO: Run Behavior\ShowPageTraceBehavior [ RunTime:0.006899s ]
INFO: [ app_end ] --END-- [ RunTime:0.007044s ]

[ 2016-09-23T20:49:55+08:00 ] ::1 /project_4/
INFO: [ app_init ] --START--
INFO: Run Behavior\BuildLiteBehavior [ RunTime:0.000039s ]
INFO: [ app_init ] --END-- [ RunTime:0.002304s ]
INFO: [ app_begin ] --START--
INFO: Run Behavior\ReadHtmlCacheBehavior [ RunTime:0.002921s ]
INFO: [ app_begin ] --END-- [ RunTime:0.003060s ]
INFO: [ view_parse ] --START--
INFO: Run Behavior\ParseTemplateBehavior [ RunTime:0.005522s ]
INFO: [ view_parse ] --END-- [ RunTime:0.005698s ]
INFO: [ view_filter ] --START--
INFO: Run Behavior\WriteHtmlCacheBehavior [ RunTime:0.004784s ]
INFO: [ view_filter ] --END-- [ RunTime:0.004903s ]
INFO: [ app_end ] --START--
INFO: Run Behavior\ShowPageTraceBehavior [ RunTime:0.006455s ]
INFO: [ app_end ] --END-- [ RunTime:0.006606s ]

[ 2016-09-23T20:50:14+08:00 ] ::1 /project_4/admin
INFO: [ app_init ] --START--
INFO: Run Behavior\BuildLiteBehavior [ RunTime:0.000038s ]
INFO: [ app_init ] --END-- [ RunTime:0.002306s ]
INFO: [ app_begin ] --START--
INFO: Run Behavior\ReadHtmlCacheBehavior [ RunTime:0.002982s ]
INFO: [ app_begin ] --END-- [ RunTime:0.003129s ]
INFO: [ view_parse ] --START--
INFO: Run Behavior\ParseTemplateBehavior [ RunTime:0.004892s ]
INFO: [ view_parse ] --END-- [ RunTime:0.005037s ]
INFO: [ view_filter ] --START--
INFO: Run Behavior\WriteHtmlCacheBehavior [ RunTime:0.004727s ]
INFO: [ view_filter ] --END-- [ RunTime:0.004842s ]
INFO: [ app_end ] --START--
INFO: Run Behavior\ShowPageTraceBehavior [ RunTime:0.005827s ]
INFO: [ app_end ] --END-- [ RunTime:0.005952s ]

[ 2016-09-23T20:52:05+08:00 ] ::1 /project_4/admin
INFO: [ app_init ] --START--
INFO: Run Behavior\BuildLiteBehavior [ RunTime:0.000040s ]
INFO: [ app_init ] --END-- [ RunTime:0.002236s ]
INFO: [ app_begin ] --START--
INFO: Run Behavior\ReadHtmlCacheBehavior [ RunTime:0.003022s ]
INFO: [ app_begin ] --END-- [ RunTime:0.003178s ]
INFO: [ view_parse ] --START--
INFO: Run Behavior\ParseTemplateBehavior [ RunTime:0.004748s ]
INFO: [ view_parse ] --END-- [ RunTime:0.004897s ]
INFO: [ view_filter ] --START--
INFO: Run Behavior\WriteHtmlCacheBehavior [ RunTime:0.004662s ]
INFO: [ view_filter ] --END-- [ RunTime:0.004775s ]
INFO: [ app_end ] --START--
INFO: Run Behavior\ShowPageTraceBehavior [ RunTime:0.005801s ]
INFO: [ app_end ] --END-- [ RunTime:0.005925s ]

